<?xml version="1.0" encoding="UTF-8" ?>
<testsuite tests="2" failures="2" name="pt.isel.mpd.weathergw.test.TestCityLazyInit" time="0.105" errors="0" skipped="0">
  <properties>
    <property name="java.runtime.name" value="Java(TM) SE Runtime Environment"/>
    <property name="sun.boot.library.path" value="C:\Program Files\Java\jdk1.8.0_25\jre\bin"/>
    <property name="java.vm.version" value="25.25-b02"/>
    <property name="user.country.format" value="PT"/>
    <property name="java.vm.vendor" value="Oracle Corporation"/>
    <property name="java.vendor.url" value="http://java.oracle.com/"/>
    <property name="path.separator" value=";"/>
    <property name="guice.disable.misplaced.annotation.check" value="true"/>
    <property name="java.vm.name" value="Java HotSpot(TM) 64-Bit Server VM"/>
    <property name="file.encoding.pkg" value="sun.io"/>
    <property name="user.script" value=""/>
    <property name="user.country" value="US"/>
    <property name="sun.java.launcher" value="SUN_STANDARD"/>
    <property name="sun.os.patch.level" value="Service Pack 1"/>
    <property name="java.vm.specification.name" value="Java Virtual Machine Specification"/>
    <property name="user.dir" value="C:\MyFolder\ISEL\Pg4 mpd - 2014-2015 2ยบ sem\aulas\aula07-lazy-init\weathergw"/>
    <property name="java.runtime.version" value="1.8.0_25-b18"/>
    <property name="java.awt.graphicsenv" value="sun.awt.Win32GraphicsEnvironment"/>
    <property name="java.endorsed.dirs" value="C:\Program Files\Java\jdk1.8.0_25\jre\lib\endorsed"/>
    <property name="os.arch" value="amd64"/>
    <property name="java.io.tmpdir" value="C:\Users\MCARVA~1\AppData\Local\Temp\"/>
    <property name="line.separator" value="
"/>
    <property name="java.vm.specification.vendor" value="Oracle Corporation"/>
    <property name="user.variant" value=""/>
    <property name="os.name" value="Windows 7"/>
    <property name="maven.ext.class.path" value="C:\Users\mcarvalho\AppData\Roaming\NetBeans\8.0.2\maven-nblib\netbeans-eventspy.jar"/>
    <property name="classworlds.conf" value="C:\Program Files\NetBeans 8.0.2\java\maven\bin\m2.conf"/>
    <property name="sun.jnu.encoding" value="Cp1252"/>
    <property name="java.library.path" value="C:\Program Files\Java\jdk1.8.0_25\bin;C:\Windows\Sun\Java\bin;C:\Windows\system32;C:\Windows;C:\ProgramData\Oracle\Java\javapath;C:\Program Files\Java\jdk1.8.0_25\bin;C:\Program Files\Common Files\Microsoft Shared\Windows Live;C:\Program Files (x86)\Common Files\Microsoft Shared\Windows Live;C:\Windows;C:\Windows\System32\Wbem;C:\Windows\System32\WindowsPowerShell\v1.0\;C:\Program Files\Microsoft SQL Server\110\Tools\Binn\;C:\Program Files (x86)\QuickTime\QTSystem\;C:\Program Files (x86)\Git\cmd;C:\Program Files (x86)\Git\bin;C:\Program Files\apache-ant-1.9.2\bin;C:\Program Files\Microsoft Windows Performance Toolkit\;C:\Program Files\Java\apache-maven-3.1.1\bin;C:\Program Files (x86)\Windows Live\Shared;C:\Program Files (x86)\Toshiba\Bluetooth Toshiba Stack\sys\;C:\Program Files (x86)\Toshiba\Bluetooth Toshiba Stack\sys\x64\;C:\Program Files\jEdit;C:\Program Files\nodejs\;C:\Program Files (x86)\GnuWin32\bin;C:\Program Files\Microsoft\Web Platform Installer\;C:\Program Files (x86)\Windows Kits\8.1\Windows Performance Toolkit\;C:\Program Files (x86)\Microsoft SDKs\TypeScript\1.0\;c:\Program Files (x86)\Microsoft SQL Server\110\Tools\Binn\ManagementStudio\;c:\Program Files (x86)\Microsoft SQL Server\110\Tools\Binn\;c:\Program Files (x86)\Microsoft SQL Server\110\DTS\Binn\;c:\Program Files\Microsoft SQL Server\110\DTS\Binn\;C:\Windows\System32\;C:\Program Files (x86)\Microsoft Visual Studio 12.0\Common7\IDE;C:\Program Files (x86)\Microsoft Visual Studio 12.0\VC\bin;C:\Ruby21-x64\bin;C:\MyFolder\shortcuts;C:\Program Files (x86)\MiKTeX 2.9\miktex\bin\;C:\Users\mcarvalho\AppData\Roaming\npm;C:\Program Files\Java\jdk1.8.0\bin;C:\Program Files\Common Files\Microsoft Shared\Windows Live;C:\Program Files (x86)\Common Files\Microsoft Shared\Windows Live;C:\Windows;C:\Windows\System32\Wbem;C:\Windows\System32\WindowsPowerShell\v1.0\;C:\Program Files\Microsoft SQL Server\110\Tools\Binn\;C:\Program Files (x86)\QuickTime\QTSystem\;C:\Program Files (x86)\Git\cmd;C:\Program Files (x86)\Git\bin;C:\Program Files\apache-ant-1.9.2\bin;C:\Program Files\Microsoft Windows Performance Toolkit\;C:\Program Files\Java\apache-maven-3.1.1\bin;C:\Program Files (x86)\Windows Live\Shared;C:\Program Files (x86)\Toshiba\Bluetooth Toshiba Stack\sys\;C:\Program Files (x86)\Toshiba\Bluetooth Toshiba Stack\sys\x64\;C:\Program Files\jEdit;C:\Program Files\nodejs\;C:\Program Files (x86)\GnuWin32\bin;C:\Program Files\Microsoft\Web Platform Installer\;C:\Program Files (x86)\Windows Kits\8.1\Windows Performance Toolkit\;C:\Program Files (x86)\Microsoft SDKs\TypeScript\1.0\;c:\Program Files (x86)\Microsoft SQL Server\110\Tools\Binn\ManagementStudio\;c:\Program Files (x86)\Microsoft SQL Server\110\Tools\Binn\;c:\Program Files (x86)\Microsoft SQL Server\110\DTS\Binn\;c:\Program Files\Microsoft SQL Server\110\DTS\Binn\;."/>
    <property name="java.specification.name" value="Java Platform API Specification"/>
    <property name="java.class.version" value="52.0"/>
    <property name="sun.management.compiler" value="HotSpot 64-Bit Tiered Compilers"/>
    <property name="os.version" value="6.1"/>
    <property name="user.home" value="C:\Users\mcarvalho"/>
    <property name="user.timezone" value="Europe/London"/>
    <property name="java.awt.printerjob" value="sun.awt.windows.WPrinterJob"/>
    <property name="java.specification.version" value="1.8"/>
    <property name="file.encoding" value="UTF-8"/>
    <property name="user.name" value="mcarvalho"/>
    <property name="java.class.path" value="C:\Program Files\NetBeans 8.0.2\java\maven\boot\plexus-classworlds-2.4.jar"/>
    <property name="java.vm.specification.version" value="1.8"/>
    <property name="sun.arch.data.model" value="64"/>
    <property name="java.home" value="C:\Program Files\Java\jdk1.8.0_25\jre"/>
    <property name="sun.java.command" value="org.codehaus.plexus.classworlds.launcher.Launcher -Dmaven.ext.class.path=C:\Users\mcarvalho\AppData\Roaming\NetBeans\8.0.2\maven-nblib\netbeans-eventspy.jar -Dfile.encoding=UTF-8 install"/>
    <property name="java.specification.vendor" value="Oracle Corporation"/>
    <property name="user.language" value="en"/>
    <property name="user.language.format" value="pt"/>
    <property name="awt.toolkit" value="sun.awt.windows.WToolkit"/>
    <property name="java.vm.info" value="mixed mode"/>
    <property name="java.version" value="1.8.0_25"/>
    <property name="java.ext.dirs" value="C:\Program Files\Java\jdk1.8.0_25\jre\lib\ext;C:\Windows\Sun\Java\lib\ext"/>
    <property name="sun.boot.class.path" value="C:\Program Files\Java\jdk1.8.0_25\jre\lib\resources.jar;C:\Program Files\Java\jdk1.8.0_25\jre\lib\rt.jar;C:\Program Files\Java\jdk1.8.0_25\jre\lib\sunrsasign.jar;C:\Program Files\Java\jdk1.8.0_25\jre\lib\jsse.jar;C:\Program Files\Java\jdk1.8.0_25\jre\lib\jce.jar;C:\Program Files\Java\jdk1.8.0_25\jre\lib\charsets.jar;C:\Program Files\Java\jdk1.8.0_25\jre\lib\jfr.jar;C:\Program Files\Java\jdk1.8.0_25\jre\classes"/>
    <property name="java.vendor" value="Oracle Corporation"/>
    <property name="maven.home" value="C:\Program Files\NetBeans 8.0.2\java\maven"/>
    <property name="file.separator" value="\"/>
    <property name="java.vendor.url.bug" value="http://bugreport.sun.com/bugreport/"/>
    <property name="sun.cpu.endian" value="little"/>
    <property name="sun.io.unicode.encoding" value="UnicodeLittle"/>
    <property name="sun.desktop" value="windows"/>
    <property name="sun.cpu.isalist" value="amd64"/>
  </properties>
  <testcase classname="pt.isel.mpd.weathergw.test.TestCityLazyInit" name="test_city_eager_init" time="0.007">
    <failure message="expected:&lt;32&gt; but was:&lt;[LocalInfo{date=Thu Jan 15 00:00:00 GMT 2015, tempC=18, weatherDesc=Patchy rain nearby, precipMM=15.3, feelsLikeC=18}, LocalInfo{date=Fri Jan 16 00:00:00 GMT 2015, tempC=13, weatherDesc=Light rain shower, precipMM=4.4, feelsLikeC=10}, LocalInfo{date=Sat Jan 17 00:00:00 GMT 2015, tempC=15, weatherDesc=Partly Cloudy , precipMM=2.6, feelsLikeC=15}, LocalInfo{date=Sun Jan 18 00:00:00 GMT 2015, tempC=18, weatherDesc=Partly Cloudy , precipMM=25.7, feelsLikeC=16}, LocalInfo{date=Mon Jan 19 00:00:00 GMT 2015, tempC=13, weatherDesc=Sunny, precipMM=0.0, feelsLikeC=9}, LocalInfo{date=Tue Jan 20 00:00:00 GMT 2015, tempC=13, weatherDesc=Light rain shower, precipMM=3.5, feelsLikeC=10}, LocalInfo{date=Wed Jan 21 00:00:00 GMT 2015, tempC=13, weatherDesc=Light rain shower, precipMM=0.9, feelsLikeC=10}, LocalInfo{date=Thu Jan 22 00:00:00 GMT 2015, tempC=14, weatherDesc=Light drizzle, precipMM=2.7, feelsLikeC=11}, LocalInfo{date=Fri Jan 23 00:00:00 GMT 2015, tempC=17, weatherDesc=Patchy rain nearby, precipMM=0.3, feelsLikeC=16}, LocalInfo{date=Sat Jan 24 00:00:00 GMT 2015, tempC=16, weatherDesc=Sunny, precipMM=0.0, feelsLikeC=14}, LocalInfo{date=Sun Jan 25 00:00:00 GMT 2015, tempC=18, weatherDesc=Partly Cloudy , precipMM=0.0, feelsLikeC=17}, LocalInfo{date=Mon Jan 26 00:00:00 GMT 2015, tempC=16, weatherDesc=Sunny, precipMM=0.0, feelsLikeC=16}, LocalInfo{date=Tue Jan 27 00:00:00 GMT 2015, tempC=18, weatherDesc=Sunny, precipMM=0.0, feelsLikeC=16}, LocalInfo{date=Wed Jan 28 00:00:00 GMT 2015, tempC=18, weatherDesc=Sunny, precipMM=0.0, feelsLikeC=16}, LocalInfo{date=Thu Jan 29 00:00:00 GMT 2015, tempC=17, weatherDesc=Patchy rain nearby, precipMM=0.7, feelsLikeC=16}, LocalInfo{date=Fri Jan 30 00:00:00 GMT 2015, tempC=17, weatherDesc=Light drizzle, precipMM=3.1, feelsLikeC=16}, LocalInfo{date=Sat Jan 31 00:00:00 GMT 2015, tempC=15, weatherDesc=Partly Cloudy , precipMM=1.7, feelsLikeC=12}, LocalInfo{date=Sun Feb 01 00:00:00 GMT 2015, tempC=13, weatherDesc=Light rain shower, precipMM=0.5, feelsLikeC=10}, LocalInfo{date=Mon Feb 02 00:00:00 GMT 2015, tempC=16, weatherDesc=Light rain shower, precipMM=1.4, feelsLikeC=12}, LocalInfo{date=Tue Feb 03 00:00:00 GMT 2015, tempC=13, weatherDesc=Patchy rain nearby, precipMM=0.8, feelsLikeC=12}, LocalInfo{date=Wed Feb 04 00:00:00 GMT 2015, tempC=12, weatherDesc=Sunny, precipMM=0.2, feelsLikeC=8}, LocalInfo{date=Thu Feb 05 00:00:00 GMT 2015, tempC=12, weatherDesc=Sunny, precipMM=0.0, feelsLikeC=9}, LocalInfo{date=Fri Feb 06 00:00:00 GMT 2015, tempC=14, weatherDesc=Sunny, precipMM=1.8, feelsLikeC=11}, LocalInfo{date=Sat Feb 07 00:00:00 GMT 2015, tempC=11, weatherDesc=Sunny, precipMM=0.0, feelsLikeC=7}, LocalInfo{date=Sun Feb 08 00:00:00 GMT 2015, tempC=12, weatherDesc=Sunny, precipMM=0.0, feelsLikeC=6}, LocalInfo{date=Mon Feb 09 00:00:00 GMT 2015, tempC=15, weatherDesc=Sunny, precipMM=0.0, feelsLikeC=10}, LocalInfo{date=Tue Feb 10 00:00:00 GMT 2015, tempC=14, weatherDesc=Patchy rain nearby, precipMM=1.1, feelsLikeC=10}, LocalInfo{date=Wed Feb 11 00:00:00 GMT 2015, tempC=15, weatherDesc=Cloudy , precipMM=0.0, feelsLikeC=12}, LocalInfo{date=Thu Feb 12 00:00:00 GMT 2015, tempC=16, weatherDesc=Sunny, precipMM=0.0, feelsLikeC=16}, LocalInfo{date=Fri Feb 13 00:00:00 GMT 2015, tempC=16, weatherDesc=Sunny, precipMM=0.3, feelsLikeC=14}, LocalInfo{date=Sat Feb 14 00:00:00 GMT 2015, tempC=16, weatherDesc=Cloudy , precipMM=0.5, feelsLikeC=16}, LocalInfo{date=Sun Feb 15 00:00:00 GMT 2015, tempC=15, weatherDesc=Cloudy , precipMM=1.2, feelsLikeC=13}]&gt;" type="junit.framework.AssertionFailedError">junit.framework.AssertionFailedError: expected:&lt;32&gt; but was:&lt;[LocalInfo{date=Thu Jan 15 00:00:00 GMT 2015, tempC=18, weatherDesc=Patchy rain nearby, precipMM=15.3, feelsLikeC=18}, LocalInfo{date=Fri Jan 16 00:00:00 GMT 2015, tempC=13, weatherDesc=Light rain shower, precipMM=4.4, feelsLikeC=10}, LocalInfo{date=Sat Jan 17 00:00:00 GMT 2015, tempC=15, weatherDesc=Partly Cloudy , precipMM=2.6, feelsLikeC=15}, LocalInfo{date=Sun Jan 18 00:00:00 GMT 2015, tempC=18, weatherDesc=Partly Cloudy , precipMM=25.7, feelsLikeC=16}, LocalInfo{date=Mon Jan 19 00:00:00 GMT 2015, tempC=13, weatherDesc=Sunny, precipMM=0.0, feelsLikeC=9}, LocalInfo{date=Tue Jan 20 00:00:00 GMT 2015, tempC=13, weatherDesc=Light rain shower, precipMM=3.5, feelsLikeC=10}, LocalInfo{date=Wed Jan 21 00:00:00 GMT 2015, tempC=13, weatherDesc=Light rain shower, precipMM=0.9, feelsLikeC=10}, LocalInfo{date=Thu Jan 22 00:00:00 GMT 2015, tempC=14, weatherDesc=Light drizzle, precipMM=2.7, feelsLikeC=11}, LocalInfo{date=Fri Jan 23 00:00:00 GMT 2015, tempC=17, weatherDesc=Patchy rain nearby, precipMM=0.3, feelsLikeC=16}, LocalInfo{date=Sat Jan 24 00:00:00 GMT 2015, tempC=16, weatherDesc=Sunny, precipMM=0.0, feelsLikeC=14}, LocalInfo{date=Sun Jan 25 00:00:00 GMT 2015, tempC=18, weatherDesc=Partly Cloudy , precipMM=0.0, feelsLikeC=17}, LocalInfo{date=Mon Jan 26 00:00:00 GMT 2015, tempC=16, weatherDesc=Sunny, precipMM=0.0, feelsLikeC=16}, LocalInfo{date=Tue Jan 27 00:00:00 GMT 2015, tempC=18, weatherDesc=Sunny, precipMM=0.0, feelsLikeC=16}, LocalInfo{date=Wed Jan 28 00:00:00 GMT 2015, tempC=18, weatherDesc=Sunny, precipMM=0.0, feelsLikeC=16}, LocalInfo{date=Thu Jan 29 00:00:00 GMT 2015, tempC=17, weatherDesc=Patchy rain nearby, precipMM=0.7, feelsLikeC=16}, LocalInfo{date=Fri Jan 30 00:00:00 GMT 2015, tempC=17, weatherDesc=Light drizzle, precipMM=3.1, feelsLikeC=16}, LocalInfo{date=Sat Jan 31 00:00:00 GMT 2015, tempC=15, weatherDesc=Partly Cloudy , precipMM=1.7, feelsLikeC=12}, LocalInfo{date=Sun Feb 01 00:00:00 GMT 2015, tempC=13, weatherDesc=Light rain shower, precipMM=0.5, feelsLikeC=10}, LocalInfo{date=Mon Feb 02 00:00:00 GMT 2015, tempC=16, weatherDesc=Light rain shower, precipMM=1.4, feelsLikeC=12}, LocalInfo{date=Tue Feb 03 00:00:00 GMT 2015, tempC=13, weatherDesc=Patchy rain nearby, precipMM=0.8, feelsLikeC=12}, LocalInfo{date=Wed Feb 04 00:00:00 GMT 2015, tempC=12, weatherDesc=Sunny, precipMM=0.2, feelsLikeC=8}, LocalInfo{date=Thu Feb 05 00:00:00 GMT 2015, tempC=12, weatherDesc=Sunny, precipMM=0.0, feelsLikeC=9}, LocalInfo{date=Fri Feb 06 00:00:00 GMT 2015, tempC=14, weatherDesc=Sunny, precipMM=1.8, feelsLikeC=11}, LocalInfo{date=Sat Feb 07 00:00:00 GMT 2015, tempC=11, weatherDesc=Sunny, precipMM=0.0, feelsLikeC=7}, LocalInfo{date=Sun Feb 08 00:00:00 GMT 2015, tempC=12, weatherDesc=Sunny, precipMM=0.0, feelsLikeC=6}, LocalInfo{date=Mon Feb 09 00:00:00 GMT 2015, tempC=15, weatherDesc=Sunny, precipMM=0.0, feelsLikeC=10}, LocalInfo{date=Tue Feb 10 00:00:00 GMT 2015, tempC=14, weatherDesc=Patchy rain nearby, precipMM=1.1, feelsLikeC=10}, LocalInfo{date=Wed Feb 11 00:00:00 GMT 2015, tempC=15, weatherDesc=Cloudy , precipMM=0.0, feelsLikeC=12}, LocalInfo{date=Thu Feb 12 00:00:00 GMT 2015, tempC=16, weatherDesc=Sunny, precipMM=0.0, feelsLikeC=16}, LocalInfo{date=Fri Feb 13 00:00:00 GMT 2015, tempC=16, weatherDesc=Sunny, precipMM=0.3, feelsLikeC=14}, LocalInfo{date=Sat Feb 14 00:00:00 GMT 2015, tempC=16, weatherDesc=Cloudy , precipMM=0.5, feelsLikeC=16}, LocalInfo{date=Sun Feb 15 00:00:00 GMT 2015, tempC=15, weatherDesc=Cloudy , precipMM=1.2, feelsLikeC=13}]&gt;
	at junit.framework.Assert.fail(Assert.java:50)
	at junit.framework.Assert.failNotEquals(Assert.java:287)
	at junit.framework.Assert.assertEquals(Assert.java:67)
	at junit.framework.Assert.assertEquals(Assert.java:74)
	at pt.isel.mpd.weathergw.test.TestCityLazyInit.test_city_eager_init(TestCityLazyInit.java:31)
	at sun.reflect.NativeMethodAccessorImpl.invoke0(Native Method)
	at sun.reflect.NativeMethodAccessorImpl.invoke(NativeMethodAccessorImpl.java:62)
	at sun.reflect.DelegatingMethodAccessorImpl.invoke(DelegatingMethodAccessorImpl.java:43)
	at java.lang.reflect.Method.invoke(Method.java:483)
	at junit.framework.TestCase.runTest(TestCase.java:168)
	at junit.framework.TestCase.runBare(TestCase.java:134)
	at junit.framework.TestResult$1.protect(TestResult.java:110)
	at junit.framework.TestResult.runProtected(TestResult.java:128)
	at junit.framework.TestResult.run(TestResult.java:113)
	at junit.framework.TestCase.run(TestCase.java:124)
	at junit.framework.TestSuite.runTest(TestSuite.java:243)
	at junit.framework.TestSuite.run(TestSuite.java:238)
	at org.junit.internal.runners.JUnit38ClassRunner.run(JUnit38ClassRunner.java:83)
	at org.apache.maven.surefire.junit4.JUnit4TestSet.execute(JUnit4TestSet.java:53)
	at org.apache.maven.surefire.junit4.JUnit4Provider.executeTestSet(JUnit4Provider.java:123)
	at org.apache.maven.surefire.junit4.JUnit4Provider.invoke(JUnit4Provider.java:104)
	at sun.reflect.NativeMethodAccessorImpl.invoke0(Native Method)
	at sun.reflect.NativeMethodAccessorImpl.invoke(NativeMethodAccessorImpl.java:62)
	at sun.reflect.DelegatingMethodAccessorImpl.invoke(DelegatingMethodAccessorImpl.java:43)
	at java.lang.reflect.Method.invoke(Method.java:483)
	at org.apache.maven.surefire.util.ReflectionUtils.invokeMethodWithArray(ReflectionUtils.java:164)
	at org.apache.maven.surefire.booter.ProviderFactory$ProviderProxy.invoke(ProviderFactory.java:110)
	at org.apache.maven.surefire.booter.SurefireStarter.invokeProvider(SurefireStarter.java:175)
	at org.apache.maven.surefire.booter.SurefireStarter.runSuitesInProcessWhenForked(SurefireStarter.java:107)
	at org.apache.maven.surefire.booter.ForkedBooter.main(ForkedBooter.java:68)
</failure>
  </testcase>
  <testcase classname="pt.isel.mpd.weathergw.test.TestCityLazyInit" name="test_city_lazy_init" time="0.086">
    <failure message="expected:&lt;32&gt; but was:&lt;[LocalInfo{date=Thu Jan 15 00:00:00 GMT 2015, tempC=18, weatherDesc=Patchy rain nearby, precipMM=15.3, feelsLikeC=18}, LocalInfo{date=Fri Jan 16 00:00:00 GMT 2015, tempC=13, weatherDesc=Light rain shower, precipMM=4.4, feelsLikeC=10}, LocalInfo{date=Sat Jan 17 00:00:00 GMT 2015, tempC=15, weatherDesc=Partly Cloudy , precipMM=2.6, feelsLikeC=15}, LocalInfo{date=Sun Jan 18 00:00:00 GMT 2015, tempC=18, weatherDesc=Partly Cloudy , precipMM=25.7, feelsLikeC=16}, LocalInfo{date=Mon Jan 19 00:00:00 GMT 2015, tempC=13, weatherDesc=Sunny, precipMM=0.0, feelsLikeC=9}, LocalInfo{date=Tue Jan 20 00:00:00 GMT 2015, tempC=13, weatherDesc=Light rain shower, precipMM=3.5, feelsLikeC=10}, LocalInfo{date=Wed Jan 21 00:00:00 GMT 2015, tempC=13, weatherDesc=Light rain shower, precipMM=0.9, feelsLikeC=10}, LocalInfo{date=Thu Jan 22 00:00:00 GMT 2015, tempC=14, weatherDesc=Light drizzle, precipMM=2.7, feelsLikeC=11}, LocalInfo{date=Fri Jan 23 00:00:00 GMT 2015, tempC=17, weatherDesc=Patchy rain nearby, precipMM=0.3, feelsLikeC=16}, LocalInfo{date=Sat Jan 24 00:00:00 GMT 2015, tempC=16, weatherDesc=Sunny, precipMM=0.0, feelsLikeC=14}, LocalInfo{date=Sun Jan 25 00:00:00 GMT 2015, tempC=18, weatherDesc=Partly Cloudy , precipMM=0.0, feelsLikeC=17}, LocalInfo{date=Mon Jan 26 00:00:00 GMT 2015, tempC=16, weatherDesc=Sunny, precipMM=0.0, feelsLikeC=16}, LocalInfo{date=Tue Jan 27 00:00:00 GMT 2015, tempC=18, weatherDesc=Sunny, precipMM=0.0, feelsLikeC=16}, LocalInfo{date=Wed Jan 28 00:00:00 GMT 2015, tempC=18, weatherDesc=Sunny, precipMM=0.0, feelsLikeC=16}, LocalInfo{date=Thu Jan 29 00:00:00 GMT 2015, tempC=17, weatherDesc=Patchy rain nearby, precipMM=0.7, feelsLikeC=16}, LocalInfo{date=Fri Jan 30 00:00:00 GMT 2015, tempC=17, weatherDesc=Light drizzle, precipMM=3.1, feelsLikeC=16}, LocalInfo{date=Sat Jan 31 00:00:00 GMT 2015, tempC=15, weatherDesc=Partly Cloudy , precipMM=1.7, feelsLikeC=12}, LocalInfo{date=Sun Feb 01 00:00:00 GMT 2015, tempC=13, weatherDesc=Light rain shower, precipMM=0.5, feelsLikeC=10}, LocalInfo{date=Mon Feb 02 00:00:00 GMT 2015, tempC=16, weatherDesc=Light rain shower, precipMM=1.4, feelsLikeC=12}, LocalInfo{date=Tue Feb 03 00:00:00 GMT 2015, tempC=13, weatherDesc=Patchy rain nearby, precipMM=0.8, feelsLikeC=12}, LocalInfo{date=Wed Feb 04 00:00:00 GMT 2015, tempC=12, weatherDesc=Sunny, precipMM=0.2, feelsLikeC=8}, LocalInfo{date=Thu Feb 05 00:00:00 GMT 2015, tempC=12, weatherDesc=Sunny, precipMM=0.0, feelsLikeC=9}, LocalInfo{date=Fri Feb 06 00:00:00 GMT 2015, tempC=14, weatherDesc=Sunny, precipMM=1.8, feelsLikeC=11}, LocalInfo{date=Sat Feb 07 00:00:00 GMT 2015, tempC=11, weatherDesc=Sunny, precipMM=0.0, feelsLikeC=7}, LocalInfo{date=Sun Feb 08 00:00:00 GMT 2015, tempC=12, weatherDesc=Sunny, precipMM=0.0, feelsLikeC=6}, LocalInfo{date=Mon Feb 09 00:00:00 GMT 2015, tempC=15, weatherDesc=Sunny, precipMM=0.0, feelsLikeC=10}, LocalInfo{date=Tue Feb 10 00:00:00 GMT 2015, tempC=14, weatherDesc=Patchy rain nearby, precipMM=1.1, feelsLikeC=10}, LocalInfo{date=Wed Feb 11 00:00:00 GMT 2015, tempC=15, weatherDesc=Cloudy , precipMM=0.0, feelsLikeC=12}, LocalInfo{date=Thu Feb 12 00:00:00 GMT 2015, tempC=16, weatherDesc=Sunny, precipMM=0.0, feelsLikeC=16}, LocalInfo{date=Fri Feb 13 00:00:00 GMT 2015, tempC=16, weatherDesc=Sunny, precipMM=0.3, feelsLikeC=14}, LocalInfo{date=Sat Feb 14 00:00:00 GMT 2015, tempC=16, weatherDesc=Cloudy , precipMM=0.5, feelsLikeC=16}, LocalInfo{date=Sun Feb 15 00:00:00 GMT 2015, tempC=15, weatherDesc=Cloudy , precipMM=1.2, feelsLikeC=13}]&gt;" type="junit.framework.AssertionFailedError">junit.framework.AssertionFailedError: expected:&lt;32&gt; but was:&lt;[LocalInfo{date=Thu Jan 15 00:00:00 GMT 2015, tempC=18, weatherDesc=Patchy rain nearby, precipMM=15.3, feelsLikeC=18}, LocalInfo{date=Fri Jan 16 00:00:00 GMT 2015, tempC=13, weatherDesc=Light rain shower, precipMM=4.4, feelsLikeC=10}, LocalInfo{date=Sat Jan 17 00:00:00 GMT 2015, tempC=15, weatherDesc=Partly Cloudy , precipMM=2.6, feelsLikeC=15}, LocalInfo{date=Sun Jan 18 00:00:00 GMT 2015, tempC=18, weatherDesc=Partly Cloudy , precipMM=25.7, feelsLikeC=16}, LocalInfo{date=Mon Jan 19 00:00:00 GMT 2015, tempC=13, weatherDesc=Sunny, precipMM=0.0, feelsLikeC=9}, LocalInfo{date=Tue Jan 20 00:00:00 GMT 2015, tempC=13, weatherDesc=Light rain shower, precipMM=3.5, feelsLikeC=10}, LocalInfo{date=Wed Jan 21 00:00:00 GMT 2015, tempC=13, weatherDesc=Light rain shower, precipMM=0.9, feelsLikeC=10}, LocalInfo{date=Thu Jan 22 00:00:00 GMT 2015, tempC=14, weatherDesc=Light drizzle, precipMM=2.7, feelsLikeC=11}, LocalInfo{date=Fri Jan 23 00:00:00 GMT 2015, tempC=17, weatherDesc=Patchy rain nearby, precipMM=0.3, feelsLikeC=16}, LocalInfo{date=Sat Jan 24 00:00:00 GMT 2015, tempC=16, weatherDesc=Sunny, precipMM=0.0, feelsLikeC=14}, LocalInfo{date=Sun Jan 25 00:00:00 GMT 2015, tempC=18, weatherDesc=Partly Cloudy , precipMM=0.0, feelsLikeC=17}, LocalInfo{date=Mon Jan 26 00:00:00 GMT 2015, tempC=16, weatherDesc=Sunny, precipMM=0.0, feelsLikeC=16}, LocalInfo{date=Tue Jan 27 00:00:00 GMT 2015, tempC=18, weatherDesc=Sunny, precipMM=0.0, feelsLikeC=16}, LocalInfo{date=Wed Jan 28 00:00:00 GMT 2015, tempC=18, weatherDesc=Sunny, precipMM=0.0, feelsLikeC=16}, LocalInfo{date=Thu Jan 29 00:00:00 GMT 2015, tempC=17, weatherDesc=Patchy rain nearby, precipMM=0.7, feelsLikeC=16}, LocalInfo{date=Fri Jan 30 00:00:00 GMT 2015, tempC=17, weatherDesc=Light drizzle, precipMM=3.1, feelsLikeC=16}, LocalInfo{date=Sat Jan 31 00:00:00 GMT 2015, tempC=15, weatherDesc=Partly Cloudy , precipMM=1.7, feelsLikeC=12}, LocalInfo{date=Sun Feb 01 00:00:00 GMT 2015, tempC=13, weatherDesc=Light rain shower, precipMM=0.5, feelsLikeC=10}, LocalInfo{date=Mon Feb 02 00:00:00 GMT 2015, tempC=16, weatherDesc=Light rain shower, precipMM=1.4, feelsLikeC=12}, LocalInfo{date=Tue Feb 03 00:00:00 GMT 2015, tempC=13, weatherDesc=Patchy rain nearby, precipMM=0.8, feelsLikeC=12}, LocalInfo{date=Wed Feb 04 00:00:00 GMT 2015, tempC=12, weatherDesc=Sunny, precipMM=0.2, feelsLikeC=8}, LocalInfo{date=Thu Feb 05 00:00:00 GMT 2015, tempC=12, weatherDesc=Sunny, precipMM=0.0, feelsLikeC=9}, LocalInfo{date=Fri Feb 06 00:00:00 GMT 2015, tempC=14, weatherDesc=Sunny, precipMM=1.8, feelsLikeC=11}, LocalInfo{date=Sat Feb 07 00:00:00 GMT 2015, tempC=11, weatherDesc=Sunny, precipMM=0.0, feelsLikeC=7}, LocalInfo{date=Sun Feb 08 00:00:00 GMT 2015, tempC=12, weatherDesc=Sunny, precipMM=0.0, feelsLikeC=6}, LocalInfo{date=Mon Feb 09 00:00:00 GMT 2015, tempC=15, weatherDesc=Sunny, precipMM=0.0, feelsLikeC=10}, LocalInfo{date=Tue Feb 10 00:00:00 GMT 2015, tempC=14, weatherDesc=Patchy rain nearby, precipMM=1.1, feelsLikeC=10}, LocalInfo{date=Wed Feb 11 00:00:00 GMT 2015, tempC=15, weatherDesc=Cloudy , precipMM=0.0, feelsLikeC=12}, LocalInfo{date=Thu Feb 12 00:00:00 GMT 2015, tempC=16, weatherDesc=Sunny, precipMM=0.0, feelsLikeC=16}, LocalInfo{date=Fri Feb 13 00:00:00 GMT 2015, tempC=16, weatherDesc=Sunny, precipMM=0.3, feelsLikeC=14}, LocalInfo{date=Sat Feb 14 00:00:00 GMT 2015, tempC=16, weatherDesc=Cloudy , precipMM=0.5, feelsLikeC=16}, LocalInfo{date=Sun Feb 15 00:00:00 GMT 2015, tempC=15, weatherDesc=Cloudy , precipMM=1.2, feelsLikeC=13}]&gt;
	at junit.framework.Assert.fail(Assert.java:50)
	at junit.framework.Assert.failNotEquals(Assert.java:287)
	at junit.framework.Assert.assertEquals(Assert.java:67)
	at junit.framework.Assert.assertEquals(Assert.java:74)
	at pt.isel.mpd.weathergw.test.TestCityLazyInit.test_city_lazy_init(TestCityLazyInit.java:38)
	at sun.reflect.NativeMethodAccessorImpl.invoke0(Native Method)
	at sun.reflect.NativeMethodAccessorImpl.invoke(NativeMethodAccessorImpl.java:62)
	at sun.reflect.DelegatingMethodAccessorImpl.invoke(DelegatingMethodAccessorImpl.java:43)
	at java.lang.reflect.Method.invoke(Method.java:483)
	at junit.framework.TestCase.runTest(TestCase.java:168)
	at junit.framework.TestCase.runBare(TestCase.java:134)
	at junit.framework.TestResult$1.protect(TestResult.java:110)
	at junit.framework.TestResult.runProtected(TestResult.java:128)
	at junit.framework.TestResult.run(TestResult.java:113)
	at junit.framework.TestCase.run(TestCase.java:124)
	at junit.framework.TestSuite.runTest(TestSuite.java:243)
	at junit.framework.TestSuite.run(TestSuite.java:238)
	at org.junit.internal.runners.JUnit38ClassRunner.run(JUnit38ClassRunner.java:83)
	at org.apache.maven.surefire.junit4.JUnit4TestSet.execute(JUnit4TestSet.java:53)
	at org.apache.maven.surefire.junit4.JUnit4Provider.executeTestSet(JUnit4Provider.java:123)
	at org.apache.maven.surefire.junit4.JUnit4Provider.invoke(JUnit4Provider.java:104)
	at sun.reflect.NativeMethodAccessorImpl.invoke0(Native Method)
	at sun.reflect.NativeMethodAccessorImpl.invoke(NativeMethodAccessorImpl.java:62)
	at sun.reflect.DelegatingMethodAccessorImpl.invoke(DelegatingMethodAccessorImpl.java:43)
	at java.lang.reflect.Method.invoke(Method.java:483)
	at org.apache.maven.surefire.util.ReflectionUtils.invokeMethodWithArray(ReflectionUtils.java:164)
	at org.apache.maven.surefire.booter.ProviderFactory$ProviderProxy.invoke(ProviderFactory.java:110)
	at org.apache.maven.surefire.booter.SurefireStarter.invokeProvider(SurefireStarter.java:175)
	at org.apache.maven.surefire.booter.SurefireStarter.runSuitesInProcessWhenForked(SurefireStarter.java:107)
	at org.apache.maven.surefire.booter.ForkedBooter.main(ForkedBooter.java:68)
</failure>
  </testcase>
</testsuite>